{
  "bundle_hash": "sha256:17f224bca33c1a1cff197b1f06f76058f9d61fb0e399c3b034070137bec52b3e",
  "bundle_path": "tracking/incoming_mailbox/17f224bca33c1a1c/sv002_recovery_30d45378723de692_CHANGELOG.md.zip",
  "evidence_plane_contributions": [
    {
      "boundary_contribution": {
        "confirms_boundary": false,
        "coordinates": {
          "d_A": 0.055,
          "d_boundary_A": 0.15,
          "delta_C": 0.0,
          "delta_O": 0.1,
          "delta_P": 0.0,
          "delta_R": 0.0,
          "delta_U": 0.3
        },
        "formalism_stage": 32,
        "region": "interior_admissible_region",
        "transition_block": "B4"
      },
      "bundle_hash": "sha256:17f224bca33c1a1cff197b1f06f76058f9d61fb0e399c3b034070137bec52b3e",
      "contribution_hash": "sha256:2ecaadcec5523132cb3b336f5e7d37e8958b6a74408a9fad9d6bed301d92ca94",
      "event_description": "bundle admitted through TT+CGE gate",
      "event_type": "admission",
      "formalism_anchor": {
        "entity": "",
        "is_anchor": false,
        "stage": ""
      },
      "provider_signal": {
        "candidate_provider": "",
        "candidate_round": 0
      },
      "relationship_signal": {
        "lineage_depth": 0,
        "related_bundles": [],
        "relation_type": ""
      },
      "repair_signal": {
        "boundary_distance_after": 0.0,
        "boundary_distance_before": 0.0,
        "repair_cost": 0.0,
        "strategies_applied": []
      },
      "schema": "stegverse.evidence_plane_contribution.v1",
      "task_hash": "sha256:30d45378723de6921247377dd1bf79ec1f0dbd405237b4a33b222f11ed1c019d",
      "timestamp_utc": "2026-06-15T18:26:52.629797+00:00"
    }
  ],
  "final_disposition": "ADMITTED",
  "gate_result": {
    "candidate_disposition": "",
    "coordinates": {
      "d_A": 0.055,
      "d_boundary_A": 0.15,
      "delta_C": 0.0,
      "delta_O": 0.1,
      "delta_P": 0.0,
      "delta_R": 0.0,
      "delta_U": 0.3
    },
    "decision": "ALLOW",
    "dry_run": false,
    "errors": [],
    "installs_code": false,
    "receipt_hash": "sha256:bfd9aad871f7668042906b9dd549979669f69bfc381ecd6e25afb0d56254a197",
    "transition_class": "evidence",
    "warnings": []
  },
  "install_result": null,
  "mailbox_result": {
    "bundle_path": "tracking/incoming_mailbox/17f224bca33c1a1c/sv002_recovery_30d45378723de692_CHANGELOG.md.zip",
    "bundle_sha256": "sha256:17f224bca33c1a1cff197b1f06f76058f9d61fb0e399c3b034070137bec52b3e",
    "candidate_disposition": "",
    "dest_path": "incoming/mailbox/30d45378723de692/evidence/sv002_recovery_30d45378723de692_CHANGELOG.md.zip",
    "dry_run": false,
    "error": "",
    "schema": "stegverse.mailbox_routing.v1",
    "slot": "evidence",
    "success": true,
    "task_dir": "incoming/mailbox/30d45378723de692",
    "task_hash": "sha256:30d45378723de6921247377dd1bf79ec1f0dbd405237b4a33b222f11ed1c019d",
    "timestamp_utc": "2026-06-15T18:26:52.630797+00:00",
    "transition_class": "evidence"
  },
  "manifest": {
    "bundle_id": "sv002-recovery-30d45378723de692",
    "bundle_type": "repo_recovery_payload",
    "created_at": "2026-06-15T18:18:29.191774+00:00",
    "description": "Manifest-bearing recovery bundle. Ingestion decides final disposition; original source is not deleted by wrap.",
    "entity": "StegVerse-002",
    "files": [
      {
        "path": "payload/CHANGELOG.md",
        "purpose": "repo_recovery_payload",
        "sha256": "sha256:30d45378723de6921247377dd1bf79ec1f0dbd405237b4a33b222f11ed1c019d",
        "size_bytes": 1786,
        "source_path": "CHANGELOG.md"
      },
      {
        "path": "recovery_manifest.json",
        "purpose": "recovery_metadata"
      }
    ],
    "governance": {
      "does_not_delete_originals": true,
      "does_not_install_destinations": true,
      "ingestion_decides_destination": true,
      "no_broad_authority": true,
      "transition_block_written": true,
      "transition_class": "evidence",
      "wraps_for_ingestion_only": true
    },
    "schema": "stegverse.bundle_manifest.v1",
    "stage": "SV002-M11",
    "transition": {
      "admissibility_gate": "transition_table_ingest_gate",
      "authority_class": "evidence_only",
      "binding_level": "non_binding",
      "disposition_policy": "store_evidence_only",
      "execution_scope": "none",
      "formalism_refs": [
        {
          "formalism": "Stage32-AdmissibilitySpaceCoordinates",
          "role": "recovery_payload_is_evidence_not_execution"
        }
      ],
      "state_effect": "evidence_state",
      "target_scope": "repo_recovery_payload",
      "task_hash": "sha256:30d45378723de6921247377dd1bf79ec1f0dbd405237b4a33b222f11ed1c019d",
      "task_ref": "sv002-recovery-30d45378723de692",
      "transition_cell": "B7",
      "transition_class": "evidence"
    }
  },
  "quarantine_result": null,
  "sandbox_results": []
}
