{
  "bundle_hash": "sha256:9ae13165bf7dc7635fccb993f6046ec6bca24ad4cdcd31408e933f074a4cc1f4",
  "bundle_path": "tracking/incoming_mailbox/9ae13165bf7dc763/sv002_recovery_30d45378723de692_CHANGELOG.md.zip",
  "evidence_plane_contributions": [
    {
      "boundary_contribution": {
        "confirms_boundary": true,
        "coordinates": {
          "d_A": 1.0,
          "d_boundary_A": 0.0,
          "delta_C": 1.0,
          "delta_O": 0.0,
          "delta_P": 0.0,
          "delta_R": 0.0,
          "delta_U": 0.0
        },
        "formalism_stage": 32,
        "region": "coherence_collapse",
        "transition_block": "B7"
      },
      "bundle_hash": "sha256:9ae13165bf7dc7635fccb993f6046ec6bca24ad4cdcd31408e933f074a4cc1f4",
      "contribution_hash": "sha256:ecbe86badfb570a1ed236946be649159659c758fad09b61298300465ae049e6b",
      "event_description": "coherence collapse \u2014 geometry undefined at this point",
      "event_type": "fail_closed",
      "formalism_anchor": {
        "entity": "",
        "is_anchor": false,
        "stage": ""
      },
      "provider_signal": {
        "candidate_provider": "",
        "candidate_round": 0
      },
      "relationship_signal": {
        "lineage_depth": 0,
        "related_bundles": [],
        "relation_type": ""
      },
      "repair_signal": {
        "boundary_distance_after": 0.0,
        "boundary_distance_before": 0.0,
        "repair_cost": 0.0,
        "strategies_applied": []
      },
      "schema": "stegverse.evidence_plane_contribution.v1",
      "task_hash": "",
      "timestamp_utc": "2026-06-15T17:33:39.590475+00:00"
    },
    {
      "boundary_contribution": {
        "confirms_boundary": true,
        "coordinates": {
          "d_A": 1.0,
          "d_boundary_A": 0.0,
          "delta_C": 1.0,
          "delta_O": 0.0,
          "delta_P": 0.0,
          "delta_R": 0.0,
          "delta_U": 0.0
        },
        "formalism_stage": 32,
        "region": "coherence_collapse",
        "transition_block": ""
      },
      "bundle_hash": "sha256:9ae13165bf7dc7635fccb993f6046ec6bca24ad4cdcd31408e933f074a4cc1f4",
      "contribution_hash": "sha256:4499e639c4cfc7a0dda42d25dd5695db1c0c93dbd225ef052a8eee6f5792c7d3",
      "event_description": "coherence collapse \u2014 geometry undefined at this point",
      "event_type": "fail_closed",
      "formalism_anchor": {
        "entity": "",
        "is_anchor": false,
        "stage": ""
      },
      "provider_signal": {
        "candidate_provider": "",
        "candidate_round": 0
      },
      "relationship_signal": {
        "lineage_depth": 0,
        "related_bundles": [],
        "relation_type": ""
      },
      "repair_signal": {
        "boundary_distance_after": 0.0,
        "boundary_distance_before": 0.0,
        "repair_cost": 0.0,
        "strategies_applied": []
      },
      "schema": "stegverse.evidence_plane_contribution.v1",
      "task_hash": "",
      "timestamp_utc": "2026-06-15T17:33:39.591345+00:00"
    }
  ],
  "final_disposition": "QUARANTINED_FAIL_CLOSED",
  "gate_result": {
    "candidate_disposition": "",
    "coordinates": {
      "d_A": 1.0,
      "d_boundary_A": 0.0,
      "delta_C": 1.0,
      "delta_O": 0.0,
      "delta_P": 0.0,
      "delta_R": 0.0,
      "delta_U": 0.0
    },
    "decision": "FAIL_CLOSED",
    "dry_run": false,
    "errors": [
      "FAIL_CLOSED: manifest missing 'transition' block"
    ],
    "installs_code": false,
    "receipt_hash": "sha256:00c9c869132aafd67cc5214ade0b0737828e215bdd9dbd00b0cbd82eee58bb16",
    "transition_class": "",
    "warnings": []
  },
  "install_result": null,
  "mailbox_result": {
    "bundle_path": "tracking/incoming_mailbox/9ae13165bf7dc763/sv002_recovery_30d45378723de692_CHANGELOG.md.zip",
    "bundle_sha256": "sha256:9ae13165bf7dc7635fccb993f6046ec6bca24ad4cdcd31408e933f074a4cc1f4",
    "candidate_disposition": "CANDIDATE_FAIL_CLOSED",
    "dest_path": "incoming/mailbox/quarantine/sv002_recovery_30d45378723de692_CHANGELOG.md.zip",
    "dry_run": false,
    "error": "",
    "schema": "stegverse.mailbox_routing.v1",
    "slot": "quarantine",
    "success": true,
    "task_dir": "incoming/mailbox/",
    "task_hash": "",
    "timestamp_utc": "2026-06-15T17:33:39.591841+00:00",
    "transition_class": ""
  },
  "manifest": {
    "bundle_id": "sv002-recovery-30d45378723de692",
    "bundle_type": "repo_recovery_payload",
    "created_at": "2026-06-15T02:06:33.092090+00:00",
    "description": "Manifest-bearing recovery bundle. Ingestion decides final disposition; original source is not deleted by wrap.",
    "entity": "StegVerse-002",
    "files": [
      {
        "path": "payload/CHANGELOG.md",
        "purpose": "repo_recovery_payload",
        "sha256": "sha256:30d45378723de6921247377dd1bf79ec1f0dbd405237b4a33b222f11ed1c019d",
        "size_bytes": 1786,
        "source_path": "CHANGELOG.md"
      },
      {
        "path": "recovery_manifest.json",
        "purpose": "recovery_metadata"
      }
    ],
    "governance": {
      "does_not_delete_originals": true,
      "does_not_install_destinations": true,
      "ingestion_decides_destination": true,
      "no_broad_authority": true,
      "wraps_for_ingestion_only": true
    },
    "schema": "stegverse.bundle_manifest.v1",
    "stage": "SV002-M11"
  },
  "quarantine_result": {
    "bundle_hash": "sha256:9ae13165bf7dc7635fccb993f6046ec6bca24ad4cdcd31408e933f074a4cc1f4",
    "bundle_path": "tracking/incoming_mailbox/9ae13165bf7dc763/sv002_recovery_30d45378723de692_CHANGELOG.md.zip",
    "dry_run": false,
    "evidence_plane": {
      "boundary_contribution": {
        "confirms_boundary": true,
        "coordinates": {
          "d_A": 1.0,
          "d_boundary_A": 0.0,
          "delta_C": 1.0,
          "delta_O": 0.0,
          "delta_P": 0.0,
          "delta_R": 0.0,
          "delta_U": 0.0
        },
        "formalism_stage": 32,
        "region": "coherence_collapse",
        "transition_block": ""
      },
      "bundle_hash": "sha256:9ae13165bf7dc7635fccb993f6046ec6bca24ad4cdcd31408e933f074a4cc1f4",
      "contribution_hash": "sha256:4499e639c4cfc7a0dda42d25dd5695db1c0c93dbd225ef052a8eee6f5792c7d3",
      "event_description": "coherence collapse \u2014 geometry undefined at this point",
      "event_type": "fail_closed",
      "formalism_anchor": {
        "entity": "",
        "is_anchor": false,
        "stage": ""
      },
      "provider_signal": {
        "candidate_provider": "",
        "candidate_round": 0
      },
      "relationship_signal": {
        "lineage_depth": 0,
        "related_bundles": [],
        "relation_type": ""
      },
      "repair_signal": {
        "boundary_distance_after": 0.0,
        "boundary_distance_before": 0.0,
        "repair_cost": 0.0,
        "strategies_applied": []
      },
      "schema": "stegverse.evidence_plane_contribution.v1",
      "task_hash": "",
      "timestamp_utc": "2026-06-15T17:33:39.591345+00:00"
    },
    "metric_preservation": {
      "bundle_hash": "sha256:9ae13165bf7dc7635fccb993f6046ec6bca24ad4cdcd31408e933f074a4cc1f4",
      "manifest_hash": "sha256:5fd44b86a22cb0a315d0cfe64a70fc40255d7caaf009dc67f7c1b101c319f5e5",
      "reason": "fail_closed:FAIL_CLOSED: manifest missing 'transition' block"
    },
    "quarantine_dest": "quarantine/incoming/batch/sv002_recovery_30d45378723de692_CHANGELOG.md.zip",
    "reason": "fail_closed:FAIL_CLOSED: manifest missing 'transition' block",
    "schema": "stegverse.quarantine_receipt.v2",
    "task_hash": "",
    "timestamp_utc": "2026-06-15T17:33:39.591705+00:00"
  },
  "sandbox_results": []
}
